<?xml version="1.0" encoding="UTF-8"?>
<!-- Generated by org.testng.reporters.JUnitXMLReporter -->
<testsuite hostname="DESKTOP-81M737A" ignored="0" name="Default test" tests="7" failures="0" timestamp="29 Sep 2020 13:50:42 GMT" time="22.148" errors="0">
  <testcase name="getTheListOfCitiesForCountryForCityBike" time="17.909" classname="Tests.TestCityBikeApp"/>
  <testcase name="verifyAllCityLocationsHaveAllFieldsForCityBike" time="0.768" classname="Tests.TestCityBikeApp"/>
  <testcase name="verifyCityFrankfurtWithAllDetailsForCityBike" time="1.459" classname="Tests.TestCityBikeApp"/>
  <testcase name="verifyCityPresentsInWorldLocationsForCityBike" time="1.199" classname="Tests.TestCityBikeApp"/>
  <testcase name="verifyCountforAllCitiesForCityBike" time="0.234" classname="Tests.TestCityBikeApp"/>
  <testcase name="verifyCountforAllComaniesForCityBike" time="0.213" classname="Tests.TestCityBikeApp"/>
  <testcase name="verifyErrorAfterSendingWrongURLToCityBike" time="0.038" classname="Tests.TestCityBikeApp"/>
</testsuite> <!-- Default test -->
