<?xml version="1.0" encoding="UTF-8"?>
<!-- Generated by org.testng.reporters.JUnitXMLReporter -->
<testsuite hostname="DESKTOP-81M737A" ignored="0" name="Test" tests="7" failures="0" timestamp="29 Sep 2020 13:50:42 GMT" time="21.692" errors="0">
  <testcase name="getTheListOfCitiesForCountryForCityBike" time="17.856" classname="Tests.TestCityBikeApp"/>
  <testcase name="verifyAllCityLocationsHaveAllFieldsForCityBike" time="1.191" classname="Tests.TestCityBikeApp"/>
  <testcase name="verifyCityFrankfurtWithAllDetailsForCityBike" time="0.579" classname="Tests.TestCityBikeApp"/>
  <testcase name="verifyCityPresentsInWorldLocationsForCityBike" time="1.216" classname="Tests.TestCityBikeApp"/>
  <testcase name="verifyCountforAllCitiesForCityBike" time="0.204" classname="Tests.TestCityBikeApp"/>
  <testcase name="verifyCountforAllComaniesForCityBike" time="0.285" classname="Tests.TestCityBikeApp"/>
  <testcase name="verifyErrorAfterSendingWrongURLToCityBike" time="0.048" classname="Tests.TestCityBikeApp"/>
</testsuite> <!-- Test -->
